<?xml version="1.0" encoding="UTF-8"?>
<!-- Generated by org.testng.reporters.JUnitXMLReporter -->
<testsuite hostname="SINGAL155433MAL.local" ignored="0" name="Default test" tests="3" failures="0" timestamp="11 Nov 2017 11:26:30 GMT" time="0.043" errors="0">
  <testcase name="intersection_one" time="0.014" classname="com.test.testcase"/>
  <testcase name="intersection_two" time="0.002" classname="com.test.testcase"/>
  <testcase name="intersection_three" time="0.002" classname="com.test.testcase"/>
</testsuite> <!-- Default test -->
